<?xml version="1.0" encoding="UTF-8"?>
<coverage generated="1778413978591" clover="3.2.0">
  <project timestamp="1778413978591" name="All files">
    <metrics statements="25" coveredstatements="22" conditionals="28" coveredconditionals="12" methods="5" coveredmethods="1" elements="58" coveredelements="35" complexity="0" loc="25" ncloc="25" packages="3" files="3" classes="3"/>
    <package name="backend">
      <metrics statements="4" coveredstatements="4" conditionals="20" coveredconditionals="9" methods="0" coveredmethods="0"/>
      <file name="knexfile.cjs" path="C:\AI-First Bootcamp\time-watch\time-watch-n\backend\knexfile.cjs">
        <metrics statements="4" coveredstatements="4" conditionals="20" coveredconditionals="9" methods="0" coveredmethods="0"/>
        <line num="1" count="1" type="stmt"/>
        <line num="3" count="1" type="cond" truecount="1" falsecount="1"/>
        <line num="11" count="1" type="stmt"/>
        <line num="25" count="1" type="stmt"/>
      </file>
    </package>
    <package name="backend.src.cron">
      <metrics statements="9" coveredstatements="8" conditionals="2" coveredconditionals="1" methods="3" coveredmethods="1"/>
      <file name="midnightSplit.js" path="C:\AI-First Bootcamp\time-watch\time-watch-n\backend\src\cron\midnightSplit.js">
        <metrics statements="9" coveredstatements="8" conditionals="2" coveredconditionals="1" methods="3" coveredmethods="1"/>
        <line num="3" count="1" type="stmt"/>
        <line num="4" count="1" type="stmt"/>
        <line num="19" count="3" type="cond" truecount="1" falsecount="1"/>
        <line num="21" count="3" type="stmt"/>
        <line num="25" count="3" type="stmt"/>
        <line num="26" count="3" type="stmt"/>
        <line num="34" count="3" type="stmt"/>
        <line num="42" count="0" type="stmt"/>
        <line num="45" count="1" type="stmt"/>
      </file>
    </package>
    <package name="backend.src.db">
      <metrics statements="12" coveredstatements="10" conditionals="6" coveredconditionals="2" methods="2" coveredmethods="0"/>
      <file name="knex.js" path="C:\AI-First Bootcamp\time-watch\time-watch-n\backend\src\db\knex.js">
        <metrics statements="12" coveredstatements="10" conditionals="6" coveredconditionals="2" methods="2" coveredmethods="0"/>
        <line num="1" count="1" type="stmt"/>
        <line num="2" count="1" type="stmt"/>
        <line num="3" count="1" type="stmt"/>
        <line num="5" count="1" type="cond" truecount="1" falsecount="1"/>
        <line num="6" count="1" type="cond" truecount="1" falsecount="1"/>
        <line num="8" count="1" type="stmt"/>
        <line num="11" count="0" type="stmt"/>
        <line num="15" count="0" type="stmt"/>
        <line num="19" count="1" type="stmt"/>
        <line num="20" count="1" type="stmt"/>
        <line num="21" count="1" type="stmt"/>
        <line num="22" count="1" type="stmt"/>
      </file>
    </package>
  </project>
</coverage>
