{"C:\\abraCourse\\final project\\time-watch\\backend\\src\\repositories\\workEntryRepository.js": {"path":"C:\\abraCourse\\final project\\time-watch\\backend\\src\\repositories\\workEntryRepository.js","statementMap":{"0":{"start":{"line":1,"column":13},"end":{"line":1,"column":34}},"1":{"start":{"line":17,"column":22},"end":{"line":17,"column":50}},"2":{"start":{"line":18,"column":19},"end":{"line":18,"column":55}},"3":{"start":{"line":19,"column":18},"end":{"line":19,"column":50}},"4":{"start":{"line":21,"column":19},"end":{"line":21,"column":54}},"5":{"start":{"line":22,"column":18},"end":{"line":22,"column":52}},"6":{"start":{"line":24,"column":15},"end":{"line":39,"column":46}},"7":{"start":{"line":41,"column":2},"end":{"line":41,"column":13}},"8":{"start":{"line":52,"column":22},"end":{"line":52,"column":50}},"9":{"start":{"line":53,"column":19},"end":{"line":53,"column":55}},"10":{"start":{"line":54,"column":18},"end":{"line":54,"column":50}},"11":{"start":{"line":56,"column":19},"end":{"line":56,"column":54}},"12":{"start":{"line":57,"column":18},"end":{"line":57,"column":52}},"13":{"start":{"line":59,"column":15},"end":{"line":64,"column":33}},"14":{"start":{"line":66,"column":2},"end":{"line":66,"column":13}},"15":{"start":{"line":69,"column":0},"end":{"line":69,"column":58}}},"fnMap":{"0":{"name":"getMonthlyEntries","decl":{"start":{"line":14,"column":15},"end":{"line":14,"column":32}},"loc":{"start":{"line":14,"column":48},"end":{"line":42,"column":1}},"line":14},"1":{"name":"getMonthlyAbsences","decl":{"start":{"line":51,"column":15},"end":{"line":51,"column":33}},"loc":{"start":{"line":51,"column":49},"end":{"line":67,"column":1}},"line":51}},"branchMap":{},"s":{"0":1,"1":7,"2":7,"3":7,"4":7,"5":7,"6":7,"7":7,"8":9,"9":9,"10":9,"11":9,"12":9,"13":9,"14":9,"15":1},"f":{"0":7,"1":9},"b":{},"_coverageSchema":"1a1c01bbd47fc00a2c39e90264f33305004495a9","hash":"cdbf71b6b95b8d1388c832e7485cf63c1c3be943"}
}
