{"C:\\Users\\gavri\\Desktop\\Gavriela\\AI Bootcamp abra\\The Final Project\\time-watch\\backend\\knexfile.cjs": {"path":"C:\\Users\\gavri\\Desktop\\Gavriela\\AI Bootcamp abra\\The Final Project\\time-watch\\backend\\knexfile.cjs","statementMap":{"0":{"start":{"line":1,"column":0},"end":{"line":1,"column":27}},"1":{"start":{"line":3,"column":19},"end":{"line":9,"column":1}},"2":{"start":{"line":11,"column":15},"end":{"line":16,"column":1}},"3":{"start":{"line":18,"column":0},"end":{"line":22,"column":2}}},"fnMap":{},"branchMap":{"0":{"loc":{"start":{"line":3,"column":19},"end":{"line":9,"column":1}},"type":"binary-expr","locations":[{"start":{"line":3,"column":19},"end":{"line":3,"column":43}},{"start":{"line":3,"column":47},"end":{"line":9,"column":1}}],"line":3},"1":{"loc":{"start":{"line":4,"column":8},"end":{"line":4,"column":41}},"type":"binary-expr","locations":[{"start":{"line":4,"column":8},"end":{"line":4,"column":26}},{"start":{"line":4,"column":30},"end":{"line":4,"column":41}}],"line":4},"2":{"loc":{"start":{"line":5,"column":8},"end":{"line":5,"column":42}},"type":"binary-expr","locations":[{"start":{"line":5,"column":8},"end":{"line":5,"column":34}},{"start":{"line":5,"column":38},"end":{"line":5,"column":42}}],"line":5},"3":{"loc":{"start":{"line":6,"column":12},"end":{"line":6,"column":76}},"type":"binary-expr","locations":[{"start":{"line":6,"column":12},"end":{"line":6,"column":34}},{"start":{"line":6,"column":38},"end":{"line":6,"column":61}},{"start":{"line":6,"column":65},"end":{"line":6,"column":76}}],"line":6},"4":{"loc":{"start":{"line":7,"column":8},"end":{"line":7,"column":70}},"type":"binary-expr","locations":[{"start":{"line":7,"column":8},"end":{"line":7,"column":26}},{"start":{"line":7,"column":30},"end":{"line":7,"column":55}},{"start":{"line":7,"column":59},"end":{"line":7,"column":70}}],"line":7},"5":{"loc":{"start":{"line":8,"column":12},"end":{"line":8,"column":82}},"type":"binary-expr","locations":[{"start":{"line":8,"column":12},"end":{"line":8,"column":34}},{"start":{"line":8,"column":38},"end":{"line":8,"column":67}},{"start":{"line":8,"column":71},"end":{"line":8,"column":82}}],"line":8}},"s":{"0":1,"1":1,"2":1,"3":1},"f":{},"b":{"0":[1,0],"1":[0,0],"2":[0,0],"3":[0,0,0],"4":[0,0,0],"5":[0,0,0]},"inputSourceMap":null,"_coverageSchema":"1a1c01bbd47fc00a2c39e90264f33305004495a9","hash":"7ffd48d868dffd4c149b2c90672bc5ff62164f93"}
,"C:\\Users\\gavri\\Desktop\\Gavriela\\AI Bootcamp abra\\The Final Project\\time-watch\\backend\\src\\db\\knex.js": {"path":"C:\\Users\\gavri\\Desktop\\Gavriela\\AI Bootcamp abra\\The Final Project\\time-watch\\backend\\src\\db\\knex.js","statementMap":{"0":{"start":{"line":1,"column":13},"end":{"line":1,"column":28}},"1":{"start":{"line":2,"column":20},"end":{"line":2,"column":49}},"2":{"start":{"line":4,"column":16},"end":{"line":4,"column":53}},"3":{"start":{"line":5,"column":15},"end":{"line":5,"column":62}},"4":{"start":{"line":7,"column":11},"end":{"line":7,"column":23}},"5":{"start":{"line":9,"column":0},"end":{"line":9,"column":70}},"6":{"start":{"line":9,"column":44},"end":{"line":9,"column":69}},"7":{"start":{"line":10,"column":0},"end":{"line":10,"column":64}},"8":{"start":{"line":10,"column":45},"end":{"line":10,"column":63}},"9":{"start":{"line":12,"column":0},"end":{"line":12,"column":20}}},"fnMap":{"0":{"name":"(anonymous_0)","decl":{"start":{"line":9,"column":19},"end":{"line":9,"column":20}},"loc":{"start":{"line":9,"column":44},"end":{"line":9,"column":69}},"line":9},"1":{"name":"(anonymous_1)","decl":{"start":{"line":10,"column":20},"end":{"line":10,"column":21}},"loc":{"start":{"line":10,"column":45},"end":{"line":10,"column":63}},"line":10}},"branchMap":{"0":{"loc":{"start":{"line":4,"column":16},"end":{"line":4,"column":53}},"type":"binary-expr","locations":[{"start":{"line":4,"column":16},"end":{"line":4,"column":36}},{"start":{"line":4,"column":40},"end":{"line":4,"column":53}}],"line":4},"1":{"loc":{"start":{"line":5,"column":15},"end":{"line":5,"column":62}},"type":"binary-expr","locations":[{"start":{"line":5,"column":15},"end":{"line":5,"column":35}},{"start":{"line":5,"column":39},"end":{"line":5,"column":62}}],"line":5},"2":{"loc":{"start":{"line":9,"column":26},"end":{"line":9,"column":39}},"type":"default-arg","locations":[{"start":{"line":9,"column":37},"end":{"line":9,"column":39}}],"line":9},"3":{"loc":{"start":{"line":10,"column":27},"end":{"line":10,"column":40}},"type":"default-arg","locations":[{"start":{"line":10,"column":38},"end":{"line":10,"column":40}}],"line":10}},"s":{"0":1,"1":1,"2":1,"3":1,"4":1,"5":1,"6":0,"7":1,"8":0,"9":1},"f":{"0":0,"1":0},"b":{"0":[1,0],"1":[1,0],"2":[0],"3":[0]},"_coverageSchema":"1a1c01bbd47fc00a2c39e90264f33305004495a9","hash":"83b55235aea9e30fd65618647e138905cd6e7924"}
,"C:\\Users\\gavri\\Desktop\\Gavriela\\AI Bootcamp abra\\The Final Project\\time-watch\\backend\\src\\repositories\\workEntryRepository.js": {"path":"C:\\Users\\gavri\\Desktop\\Gavriela\\AI Bootcamp abra\\The Final Project\\time-watch\\backend\\src\\repositories\\workEntryRepository.js","statementMap":{"0":{"start":{"line":1,"column":13},"end":{"line":1,"column":34}},"1":{"start":{"line":17,"column":22},"end":{"line":17,"column":50}},"2":{"start":{"line":18,"column":19},"end":{"line":18,"column":55}},"3":{"start":{"line":19,"column":18},"end":{"line":19,"column":50}},"4":{"start":{"line":21,"column":19},"end":{"line":21,"column":54}},"5":{"start":{"line":22,"column":18},"end":{"line":22,"column":52}},"6":{"start":{"line":24,"column":15},"end":{"line":39,"column":46}},"7":{"start":{"line":41,"column":2},"end":{"line":41,"column":13}},"8":{"start":{"line":52,"column":22},"end":{"line":52,"column":50}},"9":{"start":{"line":53,"column":19},"end":{"line":53,"column":55}},"10":{"start":{"line":54,"column":18},"end":{"line":54,"column":50}},"11":{"start":{"line":56,"column":19},"end":{"line":56,"column":54}},"12":{"start":{"line":57,"column":18},"end":{"line":57,"column":52}},"13":{"start":{"line":59,"column":15},"end":{"line":64,"column":33}},"14":{"start":{"line":66,"column":2},"end":{"line":66,"column":13}},"15":{"start":{"line":71,"column":19},"end":{"line":71,"column":52}},"16":{"start":{"line":72,"column":19},"end":{"line":72,"column":50}},"17":{"start":{"line":73,"column":25},"end":{"line":73,"column":81}},"18":{"start":{"line":75,"column":16},"end":{"line":84,"column":19}},"19":{"start":{"line":85,"column":2},"end":{"line":85,"column":12}},"20":{"start":{"line":88,"column":0},"end":{"line":88,"column":75}}},"fnMap":{"0":{"name":"getMonthlyEntries","decl":{"start":{"line":14,"column":15},"end":{"line":14,"column":32}},"loc":{"start":{"line":14,"column":48},"end":{"line":42,"column":1}},"line":14},"1":{"name":"getMonthlyAbsences","decl":{"start":{"line":51,"column":15},"end":{"line":51,"column":33}},"loc":{"start":{"line":51,"column":49},"end":{"line":67,"column":1}},"line":51},"2":{"name":"insertWorkEntry","decl":{"start":{"line":70,"column":15},"end":{"line":70,"column":30}},"loc":{"start":{"line":70,"column":103},"end":{"line":86,"column":1}},"line":70}},"branchMap":{"0":{"loc":{"start":{"line":77,"column":13},"end":{"line":77,"column":28}},"type":"binary-expr","locations":[{"start":{"line":77,"column":13},"end":{"line":77,"column":20}},{"start":{"line":77,"column":24},"end":{"line":77,"column":28}}],"line":77},"1":{"loc":{"start":{"line":79,"column":14},"end":{"line":79,"column":30}},"type":"binary-expr","locations":[{"start":{"line":79,"column":14},"end":{"line":79,"column":22}},{"start":{"line":79,"column":26},"end":{"line":79,"column":30}}],"line":79},"2":{"loc":{"start":{"line":83,"column":17},"end":{"line":83,"column":36}},"type":"binary-expr","locations":[{"start":{"line":83,"column":17},"end":{"line":83,"column":28}},{"start":{"line":83,"column":32},"end":{"line":83,"column":36}}],"line":83}},"s":{"0":1,"1":0,"2":0,"3":0,"4":0,"5":0,"6":0,"7":0,"8":0,"9":0,"10":0,"11":0,"12":0,"13":0,"14":0,"15":0,"16":0,"17":0,"18":0,"19":0,"20":1},"f":{"0":0,"1":0,"2":0},"b":{"0":[0,0],"1":[0,0],"2":[0,0]},"_coverageSchema":"1a1c01bbd47fc00a2c39e90264f33305004495a9","hash":"20ca5c01d8486c50a019a27215fecfcb6456f543"}
,"C:\\Users\\gavri\\Desktop\\Gavriela\\AI Bootcamp abra\\The Final Project\\time-watch\\backend\\src\\routes\\workEntries.js": {"path":"C:\\Users\\gavri\\Desktop\\Gavriela\\AI Bootcamp abra\\The Final Project\\time-watch\\backend\\src\\routes\\workEntries.js","statementMap":{"0":{"start":{"line":3,"column":15},"end":{"line":3,"column":42}},"1":{"start":{"line":4,"column":67},"end":{"line":4,"column":113}},"2":{"start":{"line":5,"column":29},"end":{"line":5,"column":58}},"3":{"start":{"line":75,"column":0},"end":{"line":154,"column":2}},"4":{"start":{"line":76,"column":2},"end":{"line":153,"column":3}},"5":{"start":{"line":77,"column":43},"end":{"line":77,"column":52}},"6":{"start":{"line":80,"column":4},"end":{"line":82,"column":5}},"7":{"start":{"line":81,"column":6},"end":{"line":81,"column":83}},"8":{"start":{"line":83,"column":4},"end":{"line":85,"column":5}},"9":{"start":{"line":84,"column":6},"end":{"line":84,"column":81}},"10":{"start":{"line":89,"column":4},"end":{"line":96,"column":5}},"11":{"start":{"line":90,"column":6},"end":{"line":90,"column":16}},"12":{"start":{"line":92,"column":6},"end":{"line":92,"column":40}},"13":{"start":{"line":93,"column":6},"end":{"line":95,"column":7}},"14":{"start":{"line":94,"column":8},"end":{"line":94,"column":77}},"15":{"start":{"line":99,"column":32},"end":{"line":102,"column":6}},"16":{"start":{"line":105,"column":24},"end":{"line":105,"column":52}},"17":{"start":{"line":106,"column":21},"end":{"line":106,"column":57}},"18":{"start":{"line":107,"column":20},"end":{"line":107,"column":52}},"19":{"start":{"line":108,"column":22},"end":{"line":108,"column":42}},"20":{"start":{"line":110,"column":17},"end":{"line":110,"column":19}},"21":{"start":{"line":111,"column":4},"end":{"line":147,"column":5}},"22":{"start":{"line":111,"column":17},"end":{"line":111,"column":18}},"23":{"start":{"line":112,"column":22},"end":{"line":112,"column":93}},"24":{"start":{"line":115,"column":25},"end":{"line":120,"column":8}},"25":{"start":{"line":116,"column":26},"end":{"line":118,"column":55}},"26":{"start":{"line":119,"column":8},"end":{"line":119,"column":36}},"27":{"start":{"line":123,"column":22},"end":{"line":131,"column":16}},"28":{"start":{"line":124,"column":22},"end":{"line":126,"column":61}},"29":{"start":{"line":127,"column":20},"end":{"line":129,"column":59}},"30":{"start":{"line":130,"column":8},"end":{"line":130,"column":49}},"31":{"start":{"line":134,"column":25},"end":{"line":142,"column":7}},"32":{"start":{"line":136,"column":28},"end":{"line":139,"column":11}},"33":{"start":{"line":137,"column":26},"end":{"line":137,"column":50}},"34":{"start":{"line":138,"column":12},"end":{"line":138,"column":82}},"35":{"start":{"line":140,"column":10},"end":{"line":140,"column":80}},"36":{"start":{"line":144,"column":21},"end":{"line":144,"column":67}},"37":{"start":{"line":146,"column":6},"end":{"line":146,"column":84}},"38":{"start":{"line":149,"column":4},"end":{"line":149,"column":56}},"39":{"start":{"line":151,"column":4},"end":{"line":151,"column":54}},"40":{"start":{"line":152,"column":4},"end":{"line":152,"column":69}},"41":{"start":{"line":199,"column":0},"end":{"line":234,"column":2}},"42":{"start":{"line":200,"column":2},"end":{"line":233,"column":3}},"43":{"start":{"line":201,"column":30},"end":{"line":201,"column":38}},"44":{"start":{"line":203,"column":4},"end":{"line":205,"column":5}},"45":{"start":{"line":204,"column":6},"end":{"line":204,"column":83}},"46":{"start":{"line":206,"column":4},"end":{"line":208,"column":5}},"47":{"start":{"line":207,"column":6},"end":{"line":207,"column":83}},"48":{"start":{"line":210,"column":19},"end":{"line":210,"column":34}},"49":{"start":{"line":211,"column":4},"end":{"line":221,"column":5}},"50":{"start":{"line":212,"column":6},"end":{"line":214,"column":7}},"51":{"start":{"line":213,"column":8},"end":{"line":213,"column":98}},"52":{"start":{"line":215,"column":6},"end":{"line":217,"column":7}},"53":{"start":{"line":216,"column":8},"end":{"line":216,"column":96}},"54":{"start":{"line":218,"column":6},"end":{"line":220,"column":7}},"55":{"start":{"line":219,"column":8},"end":{"line":219,"column":85}},"56":{"start":{"line":223,"column":19},"end":{"line":223,"column":30}},"57":{"start":{"line":225,"column":20},"end":{"line":227,"column":5}},"58":{"start":{"line":226,"column":27},"end":{"line":226,"column":70}},"59":{"start":{"line":229,"column":4},"end":{"line":229,"column":40}},"60":{"start":{"line":231,"column":4},"end":{"line":231,"column":55}},"61":{"start":{"line":232,"column":4},"end":{"line":232,"column":69}},"62":{"start":{"line":236,"column":0},"end":{"line":236,"column":23}}},"fnMap":{"0":{"name":"(anonymous_0)","decl":{"start":{"line":75,"column":16},"end":{"line":75,"column":17}},"loc":{"start":{"line":75,"column":36},"end":{"line":154,"column":1}},"line":75},"1":{"name":"(anonymous_1)","decl":{"start":{"line":115,"column":40},"end":{"line":115,"column":41}},"loc":{"start":{"line":115,"column":45},"end":{"line":120,"column":7}},"line":115},"2":{"name":"(anonymous_2)","decl":{"start":{"line":123,"column":36},"end":{"line":123,"column":37}},"loc":{"start":{"line":123,"column":41},"end":{"line":131,"column":7}},"line":123},"3":{"name":"(anonymous_3)","decl":{"start":{"line":135,"column":26},"end":{"line":135,"column":27}},"loc":{"start":{"line":135,"column":42},"end":{"line":141,"column":9}},"line":135},"4":{"name":"(anonymous_4)","decl":{"start":{"line":136,"column":28},"end":{"line":136,"column":29}},"loc":{"start":{"line":136,"column":35},"end":{"line":139,"column":11}},"line":136},"5":{"name":"(anonymous_5)","decl":{"start":{"line":199,"column":17},"end":{"line":199,"column":18}},"loc":{"start":{"line":199,"column":37},"end":{"line":234,"column":1}},"line":199},"6":{"name":"(anonymous_6)","decl":{"start":{"line":226,"column":18},"end":{"line":226,"column":19}},"loc":{"start":{"line":226,"column":27},"end":{"line":226,"column":70}},"line":226}},"branchMap":{"0":{"loc":{"start":{"line":80,"column":4},"end":{"line":82,"column":5}},"type":"if","locations":[{"start":{"line":80,"column":4},"end":{"line":82,"column":5}},{"start":{},"end":{}}],"line":80},"1":{"loc":{"start":{"line":83,"column":4},"end":{"line":85,"column":5}},"type":"if","locations":[{"start":{"line":83,"column":4},"end":{"line":85,"column":5}},{"start":{},"end":{}}],"line":83},"2":{"loc":{"start":{"line":89,"column":4},"end":{"line":96,"column":5}},"type":"if","locations":[{"start":{"line":89,"column":4},"end":{"line":96,"column":5}},{"start":{"line":91,"column":11},"end":{"line":96,"column":5}}],"line":89},"3":{"loc":{"start":{"line":89,"column":8},"end":{"line":89,"column":44}},"type":"binary-expr","locations":[{"start":{"line":89,"column":8},"end":{"line":89,"column":20}},{"start":{"line":89,"column":24},"end":{"line":89,"column":44}}],"line":89},"4":{"loc":{"start":{"line":93,"column":6},"end":{"line":95,"column":7}},"type":"if","locations":[{"start":{"line":93,"column":6},"end":{"line":95,"column":7}},{"start":{},"end":{}}],"line":93},"5":{"loc":{"start":{"line":116,"column":26},"end":{"line":118,"column":55}},"type":"cond-expr","locations":[{"start":{"line":117,"column":12},"end":{"line":117,"column":31}},{"start":{"line":118,"column":12},"end":{"line":118,"column":55}}],"line":116},"6":{"loc":{"start":{"line":123,"column":22},"end":{"line":131,"column":16}},"type":"binary-expr","locations":[{"start":{"line":123,"column":22},"end":{"line":131,"column":8}},{"start":{"line":131,"column":12},"end":{"line":131,"column":16}}],"line":123},"7":{"loc":{"start":{"line":124,"column":22},"end":{"line":126,"column":61}},"type":"cond-expr","locations":[{"start":{"line":125,"column":12},"end":{"line":125,"column":37}},{"start":{"line":126,"column":12},"end":{"line":126,"column":61}}],"line":124},"8":{"loc":{"start":{"line":127,"column":20},"end":{"line":129,"column":59}},"type":"cond-expr","locations":[{"start":{"line":128,"column":12},"end":{"line":128,"column":35}},{"start":{"line":129,"column":12},"end":{"line":129,"column":59}}],"line":127},"9":{"loc":{"start":{"line":130,"column":15},"end":{"line":130,"column":49}},"type":"binary-expr","locations":[{"start":{"line":130,"column":15},"end":{"line":130,"column":31}},{"start":{"line":130,"column":35},"end":{"line":130,"column":49}}],"line":130},"10":{"loc":{"start":{"line":138,"column":20},"end":{"line":138,"column":33}},"type":"binary-expr","locations":[{"start":{"line":138,"column":20},"end":{"line":138,"column":28}},{"start":{"line":138,"column":32},"end":{"line":138,"column":33}}],"line":138},"11":{"loc":{"start":{"line":138,"column":38},"end":{"line":138,"column":51}},"type":"binary-expr","locations":[{"start":{"line":138,"column":38},"end":{"line":138,"column":46}},{"start":{"line":138,"column":50},"end":{"line":138,"column":51}}],"line":138},"12":{"loc":{"start":{"line":138,"column":61},"end":{"line":138,"column":74}},"type":"binary-expr","locations":[{"start":{"line":138,"column":61},"end":{"line":138,"column":69}},{"start":{"line":138,"column":73},"end":{"line":138,"column":74}}],"line":138},"13":{"loc":{"start":{"line":203,"column":4},"end":{"line":205,"column":5}},"type":"if","locations":[{"start":{"line":203,"column":4},"end":{"line":205,"column":5}},{"start":{},"end":{}}],"line":203},"14":{"loc":{"start":{"line":203,"column":8},"end":{"line":203,"column":50}},"type":"binary-expr","locations":[{"start":{"line":203,"column":8},"end":{"line":203,"column":13}},{"start":{"line":203,"column":17},"end":{"line":203,"column":50}}],"line":203},"15":{"loc":{"start":{"line":206,"column":4},"end":{"line":208,"column":5}},"type":"if","locations":[{"start":{"line":206,"column":4},"end":{"line":208,"column":5}},{"start":{},"end":{}}],"line":206},"16":{"loc":{"start":{"line":206,"column":8},"end":{"line":206,"column":55}},"type":"binary-expr","locations":[{"start":{"line":206,"column":8},"end":{"line":206,"column":31}},{"start":{"line":206,"column":35},"end":{"line":206,"column":55}}],"line":206},"17":{"loc":{"start":{"line":212,"column":6},"end":{"line":214,"column":7}},"type":"if","locations":[{"start":{"line":212,"column":6},"end":{"line":214,"column":7}},{"start":{},"end":{}}],"line":212},"18":{"loc":{"start":{"line":212,"column":10},"end":{"line":212,"column":61}},"type":"binary-expr","locations":[{"start":{"line":212,"column":10},"end":{"line":212,"column":27}},{"start":{"line":212,"column":31},"end":{"line":212,"column":61}}],"line":212},"19":{"loc":{"start":{"line":215,"column":6},"end":{"line":217,"column":7}},"type":"if","locations":[{"start":{"line":215,"column":6},"end":{"line":217,"column":7}},{"start":{},"end":{}}],"line":215},"20":{"loc":{"start":{"line":215,"column":10},"end":{"line":215,"column":57}},"type":"binary-expr","locations":[{"start":{"line":215,"column":10},"end":{"line":215,"column":25}},{"start":{"line":215,"column":29},"end":{"line":215,"column":57}}],"line":215},"21":{"loc":{"start":{"line":218,"column":6},"end":{"line":220,"column":7}},"type":"if","locations":[{"start":{"line":218,"column":6},"end":{"line":220,"column":7}},{"start":{},"end":{}}],"line":218}},"s":{"0":1,"1":1,"2":1,"3":1,"4":10,"5":10,"6":10,"7":1,"8":9,"9":2,"10":7,"11":7,"12":0,"13":0,"14":0,"15":7,"16":6,"17":6,"18":6,"19":6,"20":6,"21":6,"22":6,"23":186,"24":186,"25":31,"26":31,"27":186,"28":0,"29":0,"30":0,"31":186,"32":1,"33":2,"34":2,"35":1,"36":186,"37":186,"38":6,"39":1,"40":1,"41":1,"42":11,"43":11,"44":11,"45":2,"46":9,"47":2,"48":7,"49":7,"50":8,"51":1,"52":7,"53":1,"54":6,"55":2,"56":3,"57":3,"58":4,"59":2,"60":1,"61":1,"62":1},"f":{"0":10,"1":31,"2":0,"3":1,"4":2,"5":11,"6":4},"b":{"0":[1,9],"1":[2,7],"2":[7,0],"3":[7,1],"4":[0,0],"5":[31,0],"6":[186,186],"7":[0,0],"8":[0,0],"9":[0,0],"10":[2,0],"11":[2,2],"12":[2,2],"13":[2,9],"14":[11,10],"15":[2,7],"16":[9,8],"17":[1,7],"18":[8,7],"19":[1,6],"20":[7,6],"21":[2,4]},"_coverageSchema":"1a1c01bbd47fc00a2c39e90264f33305004495a9","hash":"eb8954555cee1d96782abb25dc915df186276346"}
,"C:\\Users\\gavri\\Desktop\\Gavriela\\AI Bootcamp abra\\The Final Project\\time-watch\\backend\\src\\utils\\dayStatus.js": {"path":"C:\\Users\\gavri\\Desktop\\Gavriela\\AI Bootcamp abra\\The Final Project\\time-watch\\backend\\src\\utils\\dayStatus.js","statementMap":{"0":{"start":{"line":9,"column":16},"end":{"line":9,"column":46}},"1":{"start":{"line":10,"column":16},"end":{"line":10,"column":29}},"2":{"start":{"line":11,"column":18},"end":{"line":11,"column":31}},"3":{"start":{"line":12,"column":18},"end":{"line":12,"column":31}},"4":{"start":{"line":13,"column":2},"end":{"line":13,"column":46}},"5":{"start":{"line":26,"column":14},"end":{"line":26,"column":58}},"6":{"start":{"line":27,"column":2},"end":{"line":29,"column":3}},"7":{"start":{"line":28,"column":4},"end":{"line":28,"column":20}},"8":{"start":{"line":32,"column":2},"end":{"line":34,"column":3}},"9":{"start":{"line":33,"column":4},"end":{"line":33,"column":20}},"10":{"start":{"line":37,"column":2},"end":{"line":39,"column":3}},"11":{"start":{"line":38,"column":4},"end":{"line":38,"column":17}},"12":{"start":{"line":42,"column":21},"end":{"line":46,"column":7}},"13":{"start":{"line":43,"column":18},"end":{"line":43,"column":52}},"14":{"start":{"line":44,"column":16},"end":{"line":44,"column":48}},"15":{"start":{"line":45,"column":4},"end":{"line":45,"column":30}},"16":{"start":{"line":49,"column":2},"end":{"line":51,"column":3}},"17":{"start":{"line":50,"column":4},"end":{"line":50,"column":17}},"18":{"start":{"line":53,"column":2},"end":{"line":53,"column":22}},"19":{"start":{"line":56,"column":0},"end":{"line":56,"column":37}}},"fnMap":{"0":{"name":"parseTimeToHours","decl":{"start":{"line":8,"column":9},"end":{"line":8,"column":25}},"loc":{"start":{"line":8,"column":35},"end":{"line":14,"column":1}},"line":8},"1":{"name":"computeDayStatus","decl":{"start":{"line":24,"column":9},"end":{"line":24,"column":25}},"loc":{"start":{"line":24,"column":53},"end":{"line":54,"column":1}},"line":24},"2":{"name":"(anonymous_2)","decl":{"start":{"line":42,"column":36},"end":{"line":42,"column":37}},"loc":{"start":{"line":42,"column":52},"end":{"line":46,"column":3}},"line":42}},"branchMap":{"0":{"loc":{"start":{"line":10,"column":16},"end":{"line":10,"column":29}},"type":"binary-expr","locations":[{"start":{"line":10,"column":16},"end":{"line":10,"column":24}},{"start":{"line":10,"column":28},"end":{"line":10,"column":29}}],"line":10},"1":{"loc":{"start":{"line":11,"column":18},"end":{"line":11,"column":31}},"type":"binary-expr","locations":[{"start":{"line":11,"column":18},"end":{"line":11,"column":26}},{"start":{"line":11,"column":30},"end":{"line":11,"column":31}}],"line":11},"2":{"loc":{"start":{"line":12,"column":18},"end":{"line":12,"column":31}},"type":"binary-expr","locations":[{"start":{"line":12,"column":18},"end":{"line":12,"column":26}},{"start":{"line":12,"column":30},"end":{"line":12,"column":31}}],"line":12},"3":{"loc":{"start":{"line":27,"column":2},"end":{"line":29,"column":3}},"type":"if","locations":[{"start":{"line":27,"column":2},"end":{"line":29,"column":3}},{"start":{},"end":{}}],"line":27},"4":{"loc":{"start":{"line":27,"column":6},"end":{"line":27,"column":28}},"type":"binary-expr","locations":[{"start":{"line":27,"column":6},"end":{"line":27,"column":15}},{"start":{"line":27,"column":19},"end":{"line":27,"column":28}}],"line":27},"5":{"loc":{"start":{"line":32,"column":2},"end":{"line":34,"column":3}},"type":"if","locations":[{"start":{"line":32,"column":2},"end":{"line":34,"column":3}},{"start":{},"end":{}}],"line":32},"6":{"loc":{"start":{"line":32,"column":6},"end":{"line":32,"column":52}},"type":"binary-expr","locations":[{"start":{"line":32,"column":7},"end":{"line":32,"column":15}},{"start":{"line":32,"column":19},"end":{"line":32,"column":39}},{"start":{"line":32,"column":44},"end":{"line":32,"column":52}}],"line":32},"7":{"loc":{"start":{"line":37,"column":2},"end":{"line":39,"column":3}},"type":"if","locations":[{"start":{"line":37,"column":2},"end":{"line":39,"column":3}},{"start":{},"end":{}}],"line":37},"8":{"loc":{"start":{"line":49,"column":2},"end":{"line":51,"column":3}},"type":"if","locations":[{"start":{"line":49,"column":2},"end":{"line":51,"column":3}},{"start":{},"end":{}}],"line":49}},"s":{"0":2,"1":2,"2":2,"3":2,"4":2,"5":186,"6":186,"7":60,"8":126,"9":125,"10":1,"11":0,"12":1,"13":1,"14":1,"15":1,"16":1,"17":1,"18":0,"19":1},"f":{"0":2,"1":186,"2":1},"b":{"0":[2,0],"1":[2,2],"2":[2,2],"3":[60,126],"4":[186,156],"5":[125,1],"6":[126,126,125],"7":[0,1],"8":[1,0]},"_coverageSchema":"1a1c01bbd47fc00a2c39e90264f33305004495a9","hash":"ea2645aeb7f50720d2f092b70aa9dfbba6e98cdd"}
}
