TN:
SF:knexfile.cjs
FNF:0
FNH:0
DA:1,1
DA:3,1
DA:11,1
DA:18,1
LF:4
LH:4
BRDA:3,0,0,1
BRDA:3,0,1,0
BRDA:4,1,0,0
BRDA:4,1,1,0
BRDA:5,2,0,0
BRDA:5,2,1,0
BRDA:6,3,0,0
BRDA:6,3,1,0
BRDA:6,3,2,0
BRDA:7,4,0,0
BRDA:7,4,1,0
BRDA:7,4,2,0
BRDA:8,5,0,0
BRDA:8,5,1,0
BRDA:8,5,2,0
BRF:15
BRH:1
end_of_record
TN:
SF:src\db\knex.js
FN:9,(anonymous_0)
FN:10,(anonymous_1)
FNF:2
FNH:0
FNDA:0,(anonymous_0)
FNDA:0,(anonymous_1)
DA:1,1
DA:2,1
DA:4,1
DA:5,1
DA:7,1
DA:9,1
DA:10,1
DA:12,1
LF:8
LH:8
BRDA:4,0,0,1
BRDA:4,0,1,0
BRDA:5,1,0,1
BRDA:5,1,1,0
BRDA:9,2,0,0
BRDA:10,3,0,0
BRF:6
BRH:2
end_of_record
TN:
SF:src\repositories\timerRepository.js
FN:10,findActiveTimer
FN:22,createTimer
FN:39,deleteTimer
FNF:3
FNH:3
FNDA:2,findActiveTimer
FNDA:1,createTimer
FNDA:1,deleteTimer
DA:1,2
DA:11,2
DA:12,2
DA:23,1
DA:30,1
DA:40,1
DA:43,2
LF:7
LH:7
BRF:0
BRH:0
end_of_record
TN:
SF:src\repositories\workEntryRepository.js
FN:14,getMonthlyEntries
FN:51,getMonthlyAbsences
FNF:2
FNH:2
FNDA:7,getMonthlyEntries
FNDA:9,getMonthlyAbsences
DA:1,2
DA:17,7
DA:18,7
DA:19,7
DA:21,7
DA:22,7
DA:24,7
DA:41,7
DA:52,9
DA:53,9
DA:54,9
DA:56,9
DA:57,9
DA:59,9
DA:66,9
DA:69,2
LF:16
LH:16
BRF:0
BRH:0
end_of_record
TN:
SF:src\routes\timer.js
FN:28,(anonymous_0)
FN:61,(anonymous_1)
FN:112,(anonymous_2)
FNF:3
FNH:3
FNDA:3,(anonymous_0)
FNDA:3,(anonymous_1)
FNDA:5,(anonymous_2)
DA:1,1
DA:2,1
DA:3,1
DA:6,1
DA:28,1
DA:29,3
DA:30,3
DA:31,3
DA:32,2
DA:34,1
DA:61,1
DA:62,3
DA:63,3
DA:64,3
DA:65,2
DA:66,1
DA:68,1
DA:69,1
DA:71,1
DA:72,1
DA:112,1
DA:113,5
DA:114,5
DA:115,5
DA:117,5
DA:118,2
DA:121,3
DA:122,2
DA:123,1
DA:126,1
DA:127,1
DA:128,1
DA:129,1
DA:130,1
DA:132,1
DA:133,1
DA:134,1
DA:135,1
DA:136,1
DA:138,1
DA:150,1
DA:152,1
DA:154,1
DA:155,1
DA:159,1
LF:45
LH:45
BRDA:32,0,0,2
BRDA:32,0,1,1
BRDA:65,1,0,1
BRDA:65,1,1,1
BRDA:117,2,0,2
BRDA:117,2,1,3
BRDA:117,3,0,5
BRDA:117,3,1,4
BRDA:122,4,0,1
BRDA:122,4,1,1
BRDA:146,5,0,1
BRDA:146,5,1,0
BRF:12
BRH:11
end_of_record
TN:
SF:src\routes\workEntries.js
FN:75,(anonymous_0)
FN:115,(anonymous_1)
FN:123,(anonymous_2)
FN:135,(anonymous_3)
FN:136,(anonymous_4)
FNF:5
FNH:4
FNDA:10,(anonymous_0)
FNDA:31,(anonymous_1)
FNDA:0,(anonymous_2)
FNDA:1,(anonymous_3)
FNDA:2,(anonymous_4)
DA:3,1
DA:4,1
DA:5,1
DA:75,1
DA:76,10
DA:77,10
DA:80,10
DA:81,1
DA:83,9
DA:84,2
DA:89,7
DA:90,7
DA:92,0
DA:93,0
DA:94,0
DA:99,7
DA:105,6
DA:106,6
DA:107,6
DA:108,6
DA:110,6
DA:111,6
DA:112,186
DA:115,186
DA:116,31
DA:119,31
DA:123,186
DA:124,0
DA:127,0
DA:130,0
DA:134,186
DA:136,1
DA:137,2
DA:138,2
DA:140,1
DA:144,186
DA:146,186
DA:149,6
DA:151,1
DA:152,1
DA:156,1
LF:41
LH:35
BRDA:80,0,0,1
BRDA:80,0,1,9
BRDA:83,1,0,2
BRDA:83,1,1,7
BRDA:89,2,0,7
BRDA:89,2,1,0
BRDA:89,3,0,7
BRDA:89,3,1,1
BRDA:93,4,0,0
BRDA:93,4,1,0
BRDA:116,5,0,31
BRDA:116,5,1,0
BRDA:123,6,0,186
BRDA:123,6,1,186
BRDA:124,7,0,0
BRDA:124,7,1,0
BRDA:127,8,0,0
BRDA:127,8,1,0
BRDA:130,9,0,0
BRDA:130,9,1,0
BRDA:138,10,0,2
BRDA:138,10,1,0
BRDA:138,11,0,2
BRDA:138,11,1,2
BRDA:138,12,0,2
BRDA:138,12,1,2
BRF:26
BRH:15
end_of_record
TN:
SF:src\utils\dayStatus.js
FN:8,parseTimeToHours
FN:24,computeDayStatus
FN:42,(anonymous_2)
FNF:3
FNH:3
FNDA:2,parseTimeToHours
FNDA:186,computeDayStatus
FNDA:1,(anonymous_2)
DA:9,2
DA:10,2
DA:11,2
DA:12,2
DA:13,2
DA:26,186
DA:27,186
DA:28,60
DA:32,126
DA:33,125
DA:37,1
DA:38,0
DA:42,1
DA:43,1
DA:44,1
DA:45,1
DA:49,1
DA:50,1
DA:53,0
DA:56,1
LF:20
LH:18
BRDA:10,0,0,2
BRDA:10,0,1,0
BRDA:11,1,0,2
BRDA:11,1,1,2
BRDA:12,2,0,2
BRDA:12,2,1,2
BRDA:27,3,0,60
BRDA:27,3,1,126
BRDA:27,4,0,186
BRDA:27,4,1,156
BRDA:32,5,0,125
BRDA:32,5,1,1
BRDA:32,6,0,126
BRDA:32,6,1,126
BRDA:32,6,2,125
BRDA:37,7,0,0
BRDA:37,7,1,1
BRDA:49,8,0,1
BRDA:49,8,1,0
BRF:19
BRH:16
end_of_record
