TN:
SF:knexfile.cjs
FNF:0
FNH:0
DA:1,12
DA:3,12
DA:11,12
DA:18,12
LF:4
LH:4
BRDA:3,0,0,12
BRDA:3,0,1,0
BRDA:4,1,0,0
BRDA:4,1,1,0
BRDA:5,2,0,0
BRDA:5,2,1,0
BRDA:6,3,0,0
BRDA:6,3,1,0
BRDA:6,3,2,0
BRDA:7,4,0,0
BRDA:7,4,1,0
BRDA:7,4,2,0
BRDA:8,5,0,0
BRDA:8,5,1,0
BRDA:8,5,2,0
BRF:15
BRH:1
end_of_record
TN:
SF:migrations\20260507130000_create_core_entity_tables.cjs
FN:1,addTimestamps
FN:7,ensureColumn
FN:11,(anonymous_2)
FN:15,up
FN:17,(anonymous_4)
FN:30,(anonymous_5)
FN:31,(anonymous_6)
FN:32,(anonymous_7)
FN:33,(anonymous_8)
FN:34,(anonymous_9)
FN:35,(anonymous_10)
FN:39,(anonymous_11)
FN:47,(anonymous_12)
FN:48,(anonymous_13)
FN:49,(anonymous_14)
FN:50,(anonymous_15)
FN:51,(anonymous_16)
FN:55,(anonymous_17)
FN:64,(anonymous_18)
FN:65,(anonymous_19)
FN:66,(anonymous_20)
FN:67,(anonymous_21)
FN:71,(anonymous_22)
FN:80,(anonymous_23)
FN:81,(anonymous_24)
FN:82,(anonymous_25)
FN:86,(anonymous_26)
FN:97,(anonymous_27)
FN:98,(anonymous_28)
FN:99,(anonymous_29)
FN:109,down
FNF:31
FNH:0
FNDA:0,addTimestamps
FNDA:0,ensureColumn
FNDA:0,(anonymous_2)
FNDA:0,up
FNDA:0,(anonymous_4)
FNDA:0,(anonymous_5)
FNDA:0,(anonymous_6)
FNDA:0,(anonymous_7)
FNDA:0,(anonymous_8)
FNDA:0,(anonymous_9)
FNDA:0,(anonymous_10)
FNDA:0,(anonymous_11)
FNDA:0,(anonymous_12)
FNDA:0,(anonymous_13)
FNDA:0,(anonymous_14)
FNDA:0,(anonymous_15)
FNDA:0,(anonymous_16)
FNDA:0,(anonymous_17)
FNDA:0,(anonymous_18)
FNDA:0,(anonymous_19)
FNDA:0,(anonymous_20)
FNDA:0,(anonymous_21)
FNDA:0,(anonymous_22)
FNDA:0,(anonymous_23)
FNDA:0,(anonymous_24)
FNDA:0,(anonymous_25)
FNDA:0,(anonymous_26)
FNDA:0,(anonymous_27)
FNDA:0,(anonymous_28)
FNDA:0,(anonymous_29)
FNDA:0,down
DA:2,0
DA:3,0
DA:4,0
DA:8,0
DA:10,0
DA:11,0
DA:15,6
DA:16,0
DA:17,0
DA:18,0
DA:19,0
DA:20,0
DA:21,0
DA:22,0
DA:23,0
DA:24,0
DA:25,0
DA:26,0
DA:27,0
DA:30,0
DA:31,0
DA:32,0
DA:33,0
DA:34,0
DA:35,0
DA:38,0
DA:39,0
DA:40,0
DA:41,0
DA:42,0
DA:43,0
DA:44,0
DA:47,0
DA:48,0
DA:49,0
DA:50,0
DA:51,0
DA:54,0
DA:55,0
DA:56,0
DA:57,0
DA:58,0
DA:59,0
DA:60,0
DA:61,0
DA:64,0
DA:65,0
DA:66,0
DA:67,0
DA:70,0
DA:71,0
DA:72,0
DA:73,0
DA:74,0
DA:75,0
DA:76,0
DA:77,0
DA:80,0
DA:81,0
DA:82,0
DA:85,0
DA:86,0
DA:87,0
DA:88,0
DA:89,0
DA:90,0
DA:91,0
DA:92,0
DA:93,0
DA:94,0
DA:97,0
DA:98,0
DA:99,0
DA:102,0
DA:103,0
DA:104,0
DA:105,0
DA:106,0
DA:109,6
DA:110,0
DA:111,0
DA:112,0
DA:113,0
DA:114,0
LF:84
LH:2
BRDA:10,0,0,0
BRDA:10,0,1,0
BRDA:16,1,0,0
BRDA:16,1,1,0
BRDA:38,2,0,0
BRDA:38,2,1,0
BRDA:54,3,0,0
BRDA:54,3,1,0
BRDA:70,4,0,0
BRDA:70,4,1,0
BRDA:85,5,0,0
BRDA:85,5,1,0
BRF:12
BRH:0
end_of_record
TN:
SF:migrations\20260507131000_create_reporting_tables.cjs
FN:1,addTimestamps
FN:7,ensureColumn
FN:11,(anonymous_2)
FN:15,up
FN:17,(anonymous_4)
FN:32,(anonymous_5)
FN:33,(anonymous_6)
FN:34,(anonymous_7)
FN:38,(anonymous_8)
FN:51,(anonymous_9)
FN:52,(anonymous_10)
FN:53,(anonymous_11)
FN:54,(anonymous_12)
FN:55,(anonymous_13)
FN:59,(anonymous_14)
FN:75,(anonymous_15)
FN:76,(anonymous_16)
FN:77,(anonymous_17)
FN:78,(anonymous_18)
FN:79,(anonymous_19)
FN:89,down
FNF:21
FNH:0
FNDA:0,addTimestamps
FNDA:0,ensureColumn
FNDA:0,(anonymous_2)
FNDA:0,up
FNDA:0,(anonymous_4)
FNDA:0,(anonymous_5)
FNDA:0,(anonymous_6)
FNDA:0,(anonymous_7)
FNDA:0,(anonymous_8)
FNDA:0,(anonymous_9)
FNDA:0,(anonymous_10)
FNDA:0,(anonymous_11)
FNDA:0,(anonymous_12)
FNDA:0,(anonymous_13)
FNDA:0,(anonymous_14)
FNDA:0,(anonymous_15)
FNDA:0,(anonymous_16)
FNDA:0,(anonymous_17)
FNDA:0,(anonymous_18)
FNDA:0,(anonymous_19)
FNDA:0,down
DA:2,0
DA:3,0
DA:4,0
DA:8,0
DA:10,0
DA:11,0
DA:15,6
DA:16,0
DA:17,0
DA:18,0
DA:19,0
DA:20,0
DA:21,0
DA:22,0
DA:23,0
DA:24,0
DA:25,0
DA:26,0
DA:27,0
DA:28,0
DA:29,0
DA:32,0
DA:33,0
DA:34,0
DA:37,0
DA:38,0
DA:39,0
DA:40,0
DA:41,0
DA:42,0
DA:43,0
DA:44,0
DA:45,0
DA:46,0
DA:47,0
DA:48,0
DA:51,0
DA:52,0
DA:53,0
DA:54,0
DA:55,0
DA:58,0
DA:59,0
DA:60,0
DA:61,0
DA:62,0
DA:63,0
DA:64,0
DA:65,0
DA:66,0
DA:67,0
DA:68,0
DA:69,0
DA:70,0
DA:71,0
DA:72,0
DA:75,0
DA:76,0
DA:77,0
DA:78,0
DA:79,0
DA:82,0
DA:83,0
DA:84,0
DA:85,0
DA:86,0
DA:89,6
DA:90,0
DA:91,0
DA:92,0
LF:70
LH:2
BRDA:10,0,0,0
BRDA:10,0,1,0
BRDA:16,1,0,0
BRDA:16,1,1,0
BRDA:37,2,0,0
BRDA:37,2,1,0
BRDA:58,3,0,0
BRDA:58,3,1,0
BRF:8
BRH:0
end_of_record
TN:
SF:migrations\20260507132000_create_admin_audit_tables.cjs
FN:1,addTimestamps
FN:6,ensureColumn
FN:10,(anonymous_2)
FN:14,up
FN:16,(anonymous_4)
FN:28,(anonymous_5)
FN:29,(anonymous_6)
FN:30,(anonymous_7)
FN:31,(anonymous_8)
FN:32,(anonymous_9)
FN:33,(anonymous_10)
FN:34,(anonymous_11)
FN:38,(anonymous_12)
FN:51,(anonymous_13)
FN:52,(anonymous_14)
FN:53,(anonymous_15)
FN:54,(anonymous_16)
FN:55,(anonymous_17)
FN:56,(anonymous_18)
FN:57,(anonymous_19)
FN:58,(anonymous_20)
FN:59,(anonymous_21)
FN:60,(anonymous_22)
FN:72,down
FNF:24
FNH:24
FNDA:2,addTimestamps
FNDA:17,ensureColumn
FNDA:17,(anonymous_2)
FNDA:3,up
FNDA:2,(anonymous_4)
FNDA:1,(anonymous_5)
FNDA:1,(anonymous_6)
FNDA:1,(anonymous_7)
FNDA:1,(anonymous_8)
FNDA:1,(anonymous_9)
FNDA:1,(anonymous_10)
FNDA:1,(anonymous_11)
FNDA:2,(anonymous_12)
FNDA:1,(anonymous_13)
FNDA:1,(anonymous_14)
FNDA:1,(anonymous_15)
FNDA:1,(anonymous_16)
FNDA:1,(anonymous_17)
FNDA:1,(anonymous_18)
FNDA:1,(anonymous_19)
FNDA:1,(anonymous_20)
FNDA:1,(anonymous_21)
FNDA:1,(anonymous_22)
FNDA:1,down
DA:2,2
DA:3,2
DA:7,17
DA:9,17
DA:10,17
DA:14,7
DA:15,3
DA:16,2
DA:17,2
DA:18,2
DA:19,2
DA:20,2
DA:21,2
DA:22,2
DA:23,2
DA:24,2
DA:25,2
DA:28,1
DA:29,1
DA:30,1
DA:31,1
DA:32,1
DA:33,1
DA:34,1
DA:37,3
DA:38,2
DA:39,2
DA:40,2
DA:41,2
DA:42,2
DA:43,2
DA:44,2
DA:45,2
DA:46,2
DA:47,2
DA:48,2
DA:51,1
DA:52,1
DA:53,1
DA:54,1
DA:55,1
DA:56,1
DA:57,1
DA:58,1
DA:59,1
DA:60,1
DA:63,3
DA:64,3
DA:65,3
DA:66,3
DA:67,3
DA:68,3
DA:69,3
DA:72,7
DA:73,1
DA:74,1
LF:56
LH:56
BRDA:9,0,0,17
BRDA:9,0,1,0
BRDA:15,1,0,2
BRDA:15,1,1,1
BRDA:37,2,0,2
BRDA:37,2,1,1
BRF:6
BRH:5
end_of_record
TN:
SF:migrations\20260511000000_make_work_entries_task_location_nullable.cjs
FN:1,(anonymous_0)
FN:2,(anonymous_1)
FN:8,(anonymous_2)
FN:9,(anonymous_3)
FNF:4
FNH:2
FNDA:0,(anonymous_0)
FNDA:0,(anonymous_1)
FNDA:10,(anonymous_2)
FNDA:10,(anonymous_3)
DA:1,6
DA:2,0
DA:3,0
DA:4,0
DA:8,6
DA:9,10
DA:10,10
DA:11,10
LF:8
LH:5
BRF:0
BRH:0
end_of_record
TN:
SF:migrations\20260511120000_absence_document_blob.cjs
FN:2,(anonymous_0)
FN:9,(anonymous_1)
FNF:2
FNH:2
FNDA:2,(anonymous_0)
FNDA:2,(anonymous_1)
DA:2,2
DA:3,2
DA:4,2
DA:5,2
DA:6,2
DA:9,2
DA:10,2
DA:11,2
DA:12,2
DA:13,2
LF:10
LH:10
BRF:0
BRH:0
end_of_record
TN:
SF:migrations\20260511130000_absence_type_half_vacation_day.cjs
FN:2,(anonymous_0)
FN:14,(anonymous_1)
FNF:2
FNH:2
FNDA:2,(anonymous_0)
FNDA:2,(anonymous_1)
DA:2,2
DA:3,2
DA:7,2
DA:14,2
DA:15,2
DA:19,2
LF:6
LH:6
BRF:0
BRH:0
end_of_record
TN:
SF:seeds\01_admin_user.cjs
FN:3,(anonymous_0)
FNF:1
FNH:1
FNDA:2,(anonymous_0)
DA:1,1
DA:3,1
DA:4,2
DA:5,2
DA:7,0
DA:8,0
LF:6
LH:4
BRDA:5,0,0,2
BRDA:5,0,1,0
BRDA:7,1,0,0
BRDA:7,1,1,0
BRF:4
BRH:1
end_of_record
TN:
SF:seeds\02_demo_data.cjs
FN:1,(anonymous_0)
FNF:1
FNH:1
FNDA:2,(anonymous_0)
DA:1,1
DA:2,2
DA:3,2
DA:5,2
DA:6,2
DA:7,2
DA:10,2
DA:11,2
DA:12,0
DA:16,2
DA:17,2
DA:18,0
DA:24,2
DA:25,2
DA:26,0
DA:32,2
DA:33,2
DA:34,6
DA:35,6
DA:36,6
DA:38,2
DA:39,2
DA:40,2
DA:41,0
DA:54,2
LF:25
LH:21
BRDA:3,0,0,0
BRDA:3,0,1,2
BRDA:11,1,0,0
BRDA:11,1,1,2
BRDA:17,2,0,0
BRDA:17,2,1,2
BRDA:25,3,0,0
BRDA:25,3,1,2
BRDA:36,4,0,4
BRDA:36,4,1,2
BRDA:36,5,0,6
BRDA:36,5,1,4
BRDA:40,6,0,0
BRDA:40,6,1,2
BRDA:54,7,0,0
BRDA:54,7,1,2
BRF:16
BRH:10
end_of_record
TN:
SF:src\app.js
FN:26,isExemptFromAuth
FN:35,createApp
FN:43,(anonymous_2)
FNF:3
FNH:3
FNDA:3,isExemptFromAuth
FNDA:2,createApp
FNDA:3,(anonymous_2)
DA:1,4
DA:2,4
DA:3,4
DA:4,4
DA:5,4
DA:6,4
DA:7,4
DA:9,4
DA:10,4
DA:11,4
DA:12,4
DA:13,4
DA:14,4
DA:15,4
DA:16,4
DA:17,4
DA:18,4
DA:19,4
DA:20,4
DA:22,4
DA:23,0
DA:27,3
DA:28,3
DA:29,3
DA:30,3
DA:31,3
DA:32,3
DA:36,2
DA:38,2
DA:39,2
DA:40,2
DA:41,2
DA:43,2
DA:44,3
DA:45,3
DA:48,2
DA:49,2
DA:50,2
DA:51,2
DA:52,2
DA:53,2
DA:54,2
DA:55,2
DA:56,2
DA:57,2
DA:58,2
DA:59,2
DA:60,2
DA:62,2
DA:64,2
DA:67,4
LF:51
LH:50
BRDA:22,0,0,0
BRDA:22,0,1,4
BRDA:22,1,0,4
BRDA:22,1,1,0
BRDA:27,2,0,3
BRDA:27,2,1,0
BRDA:28,3,0,0
BRDA:28,3,1,3
BRDA:29,4,0,0
BRDA:29,4,1,3
BRDA:30,5,0,0
BRDA:30,5,1,3
BRDA:30,6,0,3
BRDA:30,6,1,0
BRDA:31,7,0,0
BRDA:31,7,1,3
BRDA:31,8,0,3
BRDA:31,8,1,0
BRDA:38,9,0,2
BRDA:38,9,1,0
BRDA:44,10,0,0
BRDA:44,10,1,3
BRF:22
BRH:11
end_of_record
TN:
SF:src\config\swagger.js
FNF:0
FNH:0
DA:3,4
DA:5,4
DA:56,4
LF:3
LH:3
BRF:0
BRH:0
end_of_record
TN:
SF:src\controllers\authController.js
FN:19,login
FN:39,logout
FN:44,me
FNF:3
FNH:0
FNDA:0,login
FNDA:0,logout
FNDA:0,me
DA:3,5
DA:4,5
DA:5,5
DA:6,5
DA:8,5
DA:14,5
DA:20,0
DA:21,0
DA:22,0
DA:24,0
DA:26,0
DA:28,0
DA:35,0
DA:40,0
DA:41,0
DA:45,0
DA:46,0
DA:47,0
DA:48,0
DA:50,0
DA:54,5
LF:21
LH:7
BRDA:22,0,0,0
BRDA:22,0,1,0
BRDA:47,1,0,0
BRDA:47,1,1,0
BRF:4
BRH:0
end_of_record
TN:
SF:src\controllers\usersController.js
FN:7,create
FNF:1
FNH:0
FNDA:0,create
DA:3,4
DA:4,4
DA:5,4
DA:8,0
DA:9,0
DA:10,0
DA:12,0
DA:13,0
DA:15,0
DA:19,4
LF:10
LH:4
BRDA:10,0,0,0
BRDA:10,0,1,0
BRF:2
BRH:0
end_of_record
TN:
SF:src\cron\midnightSplit.js
FN:18,runMidnightSplit
FN:41,scheduleMidnightSplit
FN:42,(anonymous_2)
FNF:3
FNH:1
FNDA:3,runMidnightSplit
FNDA:0,scheduleMidnightSplit
FNDA:0,(anonymous_2)
DA:3,1
DA:4,1
DA:19,3
DA:21,3
DA:25,3
DA:26,3
DA:34,3
DA:42,0
DA:45,1
LF:9
LH:8
BRDA:19,0,0,3
BRDA:19,0,1,0
BRF:2
BRH:1
end_of_record
TN:
SF:src\db\knex.js
FN:9,(anonymous_0)
FN:10,(anonymous_1)
FNF:2
FNH:1
FNDA:1,(anonymous_0)
FNDA:0,(anonymous_1)
DA:1,10
DA:2,10
DA:4,10
DA:5,10
DA:7,10
DA:9,10
DA:10,10
DA:12,10
LF:8
LH:8
BRDA:4,0,0,10
BRDA:4,0,1,0
BRDA:5,1,0,10
BRDA:5,1,1,0
BRDA:9,2,0,0
BRDA:10,3,0,0
BRF:6
BRH:2
end_of_record
TN:
SF:src\middleware\auth.js
FN:7,authenticate
FN:24,requireRole
FN:25,(anonymous_2)
FNF:3
FNH:3
FNDA:8,authenticate
FNDA:32,requireRole
FNDA:10,(anonymous_2)
DA:3,6
DA:4,6
DA:5,6
DA:8,8
DA:9,8
DA:11,6
DA:12,6
DA:13,3
DA:14,3
DA:16,3
DA:17,2
DA:19,1
DA:25,32
DA:26,10
DA:27,9
DA:28,4
DA:32,6
LF:17
LH:17
BRDA:9,0,0,2
BRDA:9,0,1,6
BRDA:16,1,0,2
BRDA:16,1,1,1
BRDA:16,2,0,3
BRDA:16,2,1,2
BRDA:26,3,0,1
BRDA:26,3,1,9
BRDA:27,4,0,5
BRDA:27,4,1,4
BRF:10
BRH:10
end_of_record
TN:
SF:src\middleware\errorHandler.js
FN:5,errorHandler
FNF:1
FNH:1
FNDA:2,errorHandler
DA:3,4
DA:6,2
DA:7,0
DA:9,2
DA:10,2
DA:12,0
DA:13,0
DA:16,4
LF:8
LH:5
BRDA:6,0,0,0
BRDA:6,0,1,2
BRDA:9,1,0,2
BRDA:9,1,1,0
BRF:4
BRH:2
end_of_record
TN:
SF:src\repositories\timerRepository.js
FN:10,findActiveTimer
FN:22,createTimer
FN:39,deleteTimer
FNF:3
FNH:3
FNDA:2,findActiveTimer
FNDA:1,createTimer
FNDA:1,deleteTimer
DA:1,6
DA:11,2
DA:12,2
DA:23,1
DA:30,1
DA:40,1
DA:43,6
LF:7
LH:7
BRF:0
BRH:0
end_of_record
TN:
SF:src\repositories\usersRepository.js
FN:8,findByEmail
FN:16,create
FN:23,incrementFailedAttempts
FN:36,findById
FN:44,resetLockout
FNF:5
FNH:0
FNDA:0,findByEmail
FNDA:0,create
FNDA:0,incrementFailedAttempts
FNDA:0,findById
FNDA:0,resetLockout
DA:3,7
DA:5,7
DA:6,7
DA:9,0
DA:17,0
DA:20,0
DA:24,0
DA:33,0
DA:37,0
DA:45,0
DA:53,0
DA:56,7
LF:12
LH:4
BRF:0
BRH:0
end_of_record
TN:
SF:src\repositories\workEntryRepository.js
FN:14,getMonthlyEntries
FN:51,getMonthlyAbsences
FNF:2
FNH:2
FNDA:7,getMonthlyEntries
FNDA:9,getMonthlyAbsences
DA:1,6
DA:17,7
DA:18,7
DA:19,7
DA:21,7
DA:22,7
DA:24,7
DA:41,0
DA:52,9
DA:53,9
DA:54,9
DA:56,9
DA:57,9
DA:59,9
DA:66,9
DA:69,6
LF:16
LH:15
BRF:0
BRH:0
end_of_record
TN:
SF:src\routes\absences.js
FN:11,(anonymous_0)
FN:27,isPositiveInt
FN:33,parseDate
FN:41,countWorkingDays
FN:52,toDateStr
FN:61,(anonymous_5)
FN:92,validateAbsenceBody
FN:138,(anonymous_7)
FN:172,(anonymous_8)
FN:221,(anonymous_9)
FN:222,(anonymous_10)
FN:241,(anonymous_11)
FN:272,(anonymous_12)
FN:300,(anonymous_13)
FN:324,(anonymous_14)
FNF:15
FNH:0
FNDA:0,(anonymous_0)
FNDA:0,isPositiveInt
FNDA:0,parseDate
FNDA:0,countWorkingDays
FNDA:0,toDateStr
FNDA:0,(anonymous_5)
FNDA:0,validateAbsenceBody
FNDA:0,(anonymous_7)
FNDA:0,(anonymous_8)
FNDA:0,(anonymous_9)
FNDA:0,(anonymous_10)
FNDA:0,(anonymous_11)
FNDA:0,(anonymous_12)
FNDA:0,(anonymous_13)
FNDA:0,(anonymous_14)
DA:1,4
DA:2,4
DA:3,4
DA:5,4
DA:6,4
DA:8,4
DA:12,0
DA:13,0
DA:15,0
DA:19,4
DA:20,4
DA:22,4
DA:23,4
DA:24,4
DA:28,0
DA:29,0
DA:34,0
DA:35,0
DA:36,0
DA:37,0
DA:38,0
DA:42,0
DA:43,0
DA:44,0
DA:45,0
DA:46,0
DA:47,0
DA:49,0
DA:53,0
DA:54,0
DA:55,0
DA:56,0
DA:61,4
DA:62,0
DA:63,0
DA:64,0
DA:66,0
DA:74,0
DA:75,0
DA:76,0
DA:78,0
DA:79,0
DA:80,0
DA:81,0
DA:84,0
DA:85,0
DA:87,0
DA:93,0
DA:94,0
DA:96,0
DA:97,0
DA:98,0
DA:100,0
DA:101,0
DA:103,0
DA:104,0
DA:105,0
DA:106,0
DA:108,0
DA:109,0
DA:111,0
DA:112,0
DA:114,0
DA:115,0
DA:116,0
DA:117,0
DA:120,0
DA:121,0
DA:122,0
DA:123,0
DA:126,0
DA:127,0
DA:128,0
DA:129,0
DA:130,0
DA:132,0
DA:133,0
DA:134,0
DA:138,4
DA:139,0
DA:140,0
DA:141,0
DA:142,0
DA:143,0
DA:144,0
DA:146,0
DA:147,0
DA:148,0
DA:151,0
DA:165,0
DA:167,0
DA:172,4
DA:173,0
DA:174,0
DA:175,0
DA:176,0
DA:177,0
DA:178,0
DA:179,0
DA:180,0
DA:182,0
DA:183,0
DA:184,0
DA:187,0
DA:189,0
DA:190,0
DA:193,0
DA:194,0
DA:195,0
DA:198,0
DA:213,0
DA:215,0
DA:221,4
DA:222,0
DA:223,0
DA:224,0
DA:225,0
DA:227,0
DA:228,0
DA:230,0
DA:233,0
DA:234,0
DA:237,0
DA:238,0
DA:239,0
DA:241,0
DA:242,0
DA:243,0
DA:244,0
DA:245,0
DA:247,0
DA:248,0
DA:249,0
DA:250,0
DA:263,0
DA:265,0
DA:266,0
DA:272,4
DA:273,0
DA:274,0
DA:275,0
DA:276,0
DA:282,0
DA:283,0
DA:286,0
DA:287,0
DA:290,0
DA:291,0
DA:292,0
DA:293,0
DA:295,0
DA:300,4
DA:301,0
DA:302,0
DA:303,0
DA:304,0
DA:305,0
DA:306,0
DA:308,0
DA:309,0
DA:311,0
DA:312,0
DA:313,0
DA:314,0
DA:316,0
DA:317,0
DA:319,0
DA:324,4
DA:325,0
DA:326,0
DA:327,0
DA:328,0
DA:330,0
DA:331,0
DA:334,0
DA:335,0
DA:338,0
DA:339,0
DA:340,0
DA:342,0
DA:355,0
DA:357,0
DA:361,4
LF:183
LH:19
BRDA:12,0,0,0
BRDA:12,0,1,0
BRDA:29,1,0,0
BRDA:29,1,1,0
BRDA:34,2,0,0
BRDA:34,2,1,0
BRDA:34,3,0,0
BRDA:34,3,1,0
BRDA:37,4,0,0
BRDA:37,4,1,0
BRDA:37,5,0,0
BRDA:37,5,1,0
BRDA:37,5,2,0
BRDA:46,6,0,0
BRDA:46,6,1,0
BRDA:46,7,0,0
BRDA:46,7,1,0
BRDA:74,8,0,0
BRDA:74,8,1,0
BRDA:75,9,0,0
BRDA:75,9,1,0
BRDA:93,10,0,0
BRDA:93,10,1,0
BRDA:96,11,0,0
BRDA:96,11,1,0
BRDA:96,12,0,0
BRDA:96,12,1,0
BRDA:97,13,0,0
BRDA:97,13,1,0
BRDA:98,14,0,0
BRDA:98,14,1,0
BRDA:100,15,0,0
BRDA:100,15,1,0
BRDA:100,16,0,0
BRDA:100,16,1,0
BRDA:105,17,0,0
BRDA:105,17,1,0
BRDA:105,18,0,0
BRDA:105,18,1,0
BRDA:108,19,0,0
BRDA:108,19,1,0
BRDA:111,20,0,0
BRDA:111,20,1,0
BRDA:116,21,0,0
BRDA:116,21,1,0
BRDA:116,22,0,0
BRDA:116,22,1,0
BRDA:120,23,0,0
BRDA:120,23,1,0
BRDA:120,24,0,0
BRDA:120,24,1,0
BRDA:122,25,0,0
BRDA:122,25,1,0
BRDA:122,26,0,0
BRDA:122,26,1,0
BRDA:122,26,2,0
BRDA:122,26,3,0
BRDA:122,26,4,0
BRDA:129,27,0,0
BRDA:129,27,1,0
BRDA:133,28,0,0
BRDA:133,28,1,0
BRDA:140,29,0,0
BRDA:142,30,0,0
BRDA:142,30,1,0
BRDA:143,31,0,0
BRDA:143,31,1,0
BRDA:143,32,0,0
BRDA:143,32,1,0
BRDA:147,33,0,0
BRDA:147,33,1,0
BRDA:158,34,0,0
BRDA:158,34,1,0
BRDA:175,35,0,0
BRDA:175,35,1,0
BRDA:178,36,0,0
BRDA:178,36,1,0
BRDA:179,37,0,0
BRDA:179,37,1,0
BRDA:179,38,0,0
BRDA:179,38,1,0
BRDA:183,39,0,0
BRDA:183,39,1,0
BRDA:187,40,0,0
BRDA:187,40,1,0
BRDA:189,41,0,0
BRDA:189,41,1,0
BRDA:189,42,0,0
BRDA:189,42,1,0
BRDA:194,43,0,0
BRDA:194,43,1,0
BRDA:205,44,0,0
BRDA:205,44,1,0
BRDA:223,45,0,0
BRDA:223,45,1,0
BRDA:224,46,0,0
BRDA:224,46,1,0
BRDA:227,47,0,0
BRDA:227,47,1,0
BRDA:233,48,0,0
BRDA:233,48,1,0
BRDA:239,49,0,0
BRDA:239,49,1,0
BRDA:243,50,0,0
BRDA:243,50,1,0
BRDA:244,51,0,0
BRDA:244,51,1,0
BRDA:244,52,0,0
BRDA:244,52,1,0
BRDA:249,53,0,0
BRDA:249,53,1,0
BRDA:265,54,0,0
BRDA:265,54,1,0
BRDA:275,55,0,0
BRDA:275,55,1,0
BRDA:282,56,0,0
BRDA:282,56,1,0
BRDA:282,57,0,0
BRDA:282,57,1,0
BRDA:286,58,0,0
BRDA:286,58,1,0
BRDA:286,59,0,0
BRDA:286,59,1,0
BRDA:290,60,0,0
BRDA:290,60,1,0
BRDA:291,61,0,0
BRDA:291,61,1,0
BRDA:303,62,0,0
BRDA:303,62,1,0
BRDA:305,63,0,0
BRDA:305,63,1,0
BRDA:308,64,0,0
BRDA:308,64,1,0
BRDA:308,65,0,0
BRDA:308,65,1,0
BRDA:313,66,0,0
BRDA:313,66,1,0
BRDA:327,67,0,0
BRDA:327,67,1,0
BRDA:330,68,0,0
BRDA:330,68,1,0
BRDA:330,69,0,0
BRDA:330,69,1,0
BRDA:334,70,0,0
BRDA:334,70,1,0
BRDA:334,71,0,0
BRDA:334,71,1,0
BRDA:340,72,0,0
BRDA:340,72,1,0
BRF:149
BRH:0
end_of_record
TN:
SF:src\routes\admin.js
FNF:0
FNH:0
DA:1,4
DA:2,4
DA:4,4
DA:8,4
LF:4
LH:4
BRF:0
BRH:0
end_of_record
TN:
SF:src\routes\auth.js
FNF:0
FNH:0
DA:3,5
DA:4,5
DA:5,5
DA:68,5
DA:91,5
DA:126,5
DA:128,5
LF:7
LH:7
BRF:0
BRH:0
end_of_record
TN:
SF:src\routes\clients.js
FN:27,(anonymous_0)
FN:73,(anonymous_1)
FN:130,(anonymous_2)
FNF:3
FNH:1
FNDA:1,(anonymous_0)
FNDA:0,(anonymous_1)
FNDA:0,(anonymous_2)
DA:1,4
DA:2,4
DA:3,4
DA:5,4
DA:27,4
DA:28,1
DA:29,1
DA:34,1
DA:35,0
DA:38,1
DA:39,1
DA:41,0
DA:42,0
DA:73,4
DA:74,0
DA:75,0
DA:77,0
DA:78,0
DA:81,0
DA:89,0
DA:91,0
DA:92,0
DA:130,4
DA:131,0
DA:132,0
DA:133,0
DA:135,0
DA:136,0
DA:137,0
DA:138,0
DA:140,0
DA:141,0
DA:144,0
DA:146,0
DA:152,0
DA:153,0
DA:156,0
DA:158,0
DA:159,0
DA:163,4
LF:40
LH:13
BRDA:34,0,0,0
BRDA:34,0,1,1
BRDA:77,1,0,0
BRDA:77,1,1,0
BRDA:77,2,0,0
BRDA:77,2,1,0
BRDA:84,3,0,0
BRDA:84,3,1,0
BRDA:136,4,0,0
BRDA:136,4,1,0
BRDA:137,5,0,0
BRDA:137,5,1,0
BRDA:138,6,0,0
BRDA:138,6,1,0
BRDA:140,7,0,0
BRDA:140,7,1,0
BRDA:152,8,0,0
BRDA:152,8,1,0
BRF:18
BRH:1
end_of_record
TN:
SF:src\routes\health.js
FN:5,(anonymous_0)
FNF:1
FNH:1
FNDA:1,(anonymous_0)
DA:1,5
DA:3,5
DA:5,5
DA:6,1
DA:9,5
LF:5
LH:5
BRF:0
BRH:0
end_of_record
TN:
SF:src\routes\months.js
FNF:0
FNH:0
DA:1,4
DA:2,4
DA:4,4
DA:10,4
LF:4
LH:4
BRF:0
BRH:0
end_of_record
TN:
SF:src\routes\projects.js
FN:32,(anonymous_0)
FN:90,(anonymous_1)
FN:162,(anonymous_2)
FNF:3
FNH:0
FNDA:0,(anonymous_0)
FNDA:0,(anonymous_1)
FNDA:0,(anonymous_2)
DA:1,4
DA:2,4
DA:3,4
DA:5,4
DA:32,4
DA:33,0
DA:34,0
DA:47,0
DA:48,0
DA:51,0
DA:52,0
DA:55,0
DA:56,0
DA:58,0
DA:59,0
DA:90,4
DA:91,0
DA:92,0
DA:94,0
DA:95,0
DA:98,0
DA:99,0
DA:102,0
DA:107,0
DA:108,0
DA:111,0
DA:119,0
DA:121,0
DA:122,0
DA:162,4
DA:163,0
DA:164,0
DA:165,0
DA:167,0
DA:168,0
DA:169,0
DA:170,0
DA:172,0
DA:173,0
DA:176,0
DA:177,0
DA:182,0
DA:183,0
DA:187,0
DA:189,0
DA:195,0
DA:196,0
DA:199,0
DA:204,0
DA:206,0
DA:207,0
DA:211,4
LF:52
LH:8
BRDA:47,0,0,0
BRDA:47,0,1,0
BRDA:51,1,0,0
BRDA:51,1,1,0
BRDA:94,2,0,0
BRDA:94,2,1,0
BRDA:94,3,0,0
BRDA:94,3,1,0
BRDA:98,4,0,0
BRDA:98,4,1,0
BRDA:107,5,0,0
BRDA:107,5,1,0
BRDA:168,6,0,0
BRDA:168,6,1,0
BRDA:169,7,0,0
BRDA:169,7,1,0
BRDA:170,8,0,0
BRDA:170,8,1,0
BRDA:172,9,0,0
BRDA:172,9,1,0
BRDA:176,10,0,0
BRDA:176,10,1,0
BRDA:182,11,0,0
BRDA:182,11,1,0
BRDA:195,12,0,0
BRDA:195,12,1,0
BRDA:204,13,0,0
BRDA:204,13,1,0
BRF:28
BRH:0
end_of_record
TN:
SF:src\routes\reports.js
FNF:0
FNH:0
DA:1,5
DA:7,5
LF:2
LH:2
BRF:0
BRH:0
end_of_record
TN:
SF:src\routes\tasks.js
FNF:0
FNH:0
DA:1,4
DA:2,4
DA:4,4
DA:10,4
LF:4
LH:4
BRF:0
BRH:0
end_of_record
TN:
SF:src\routes\timer.js
FN:28,(anonymous_0)
FN:61,(anonymous_1)
FN:112,(anonymous_2)
FN:134,(anonymous_3)
FNF:4
FNH:4
FNDA:3,(anonymous_0)
FNDA:3,(anonymous_1)
FNDA:5,(anonymous_2)
FNDA:2,(anonymous_3)
DA:1,5
DA:2,5
DA:3,5
DA:6,5
DA:28,5
DA:29,3
DA:30,3
DA:31,3
DA:32,2
DA:34,1
DA:61,5
DA:62,3
DA:63,3
DA:64,3
DA:65,2
DA:66,1
DA:68,1
DA:69,1
DA:71,1
DA:72,1
DA:112,5
DA:113,5
DA:114,5
DA:115,5
DA:117,5
DA:118,4
DA:119,3
DA:122,1
DA:123,1
DA:124,1
DA:125,1
DA:126,1
DA:128,1
DA:129,1
DA:130,1
DA:131,1
DA:132,1
DA:134,1
DA:135,2
DA:136,2
DA:138,1
DA:140,1
DA:153,1
DA:155,1
DA:157,1
DA:158,1
DA:162,5
LF:47
LH:47
BRDA:32,0,0,2
BRDA:32,0,1,1
BRDA:65,1,0,1
BRDA:65,1,1,1
BRDA:118,2,0,3
BRDA:118,2,1,1
BRDA:136,3,0,2
BRDA:136,3,1,1
BRDA:143,4,0,1
BRDA:143,4,1,0
BRDA:145,5,0,1
BRDA:145,5,1,0
BRDA:149,6,0,1
BRDA:149,6,1,0
BRF:14
BRH:11
end_of_record
TN:
SF:src\routes\users.js
FN:73,(anonymous_0)
FN:74,(anonymous_1)
FN:75,(anonymous_2)
FNF:3
FNH:0
FNDA:0,(anonymous_0)
FNDA:0,(anonymous_1)
FNDA:0,(anonymous_2)
DA:3,4
DA:4,4
DA:5,4
DA:71,4
DA:73,4
DA:74,4
DA:75,4
DA:77,4
LF:8
LH:8
BRF:0
BRH:0
end_of_record
TN:
SF:src\routes\workEntries.js
FN:75,(anonymous_0)
FN:115,(anonymous_1)
FN:123,(anonymous_2)
FN:135,(anonymous_3)
FN:136,(anonymous_4)
FNF:5
FNH:4
FNDA:10,(anonymous_0)
FNDA:31,(anonymous_1)
FNDA:0,(anonymous_2)
FNDA:1,(anonymous_3)
FNDA:2,(anonymous_4)
DA:3,5
DA:4,5
DA:5,5
DA:75,5
DA:76,10
DA:77,10
DA:80,10
DA:81,1
DA:83,9
DA:84,2
DA:89,7
DA:90,7
DA:92,0
DA:93,0
DA:94,0
DA:99,7
DA:105,6
DA:106,6
DA:107,6
DA:108,6
DA:110,6
DA:111,6
DA:112,186
DA:115,186
DA:116,31
DA:119,31
DA:123,186
DA:124,0
DA:127,0
DA:130,0
DA:134,186
DA:136,1
DA:137,2
DA:138,2
DA:140,1
DA:144,186
DA:146,186
DA:149,6
DA:151,1
DA:152,1
DA:156,5
LF:41
LH:35
BRDA:80,0,0,1
BRDA:80,0,1,9
BRDA:83,1,0,2
BRDA:83,1,1,7
BRDA:89,2,0,7
BRDA:89,2,1,0
BRDA:89,3,0,7
BRDA:89,3,1,1
BRDA:93,4,0,0
BRDA:93,4,1,0
BRDA:116,5,0,31
BRDA:116,5,1,0
BRDA:123,6,0,186
BRDA:123,6,1,186
BRDA:124,7,0,0
BRDA:124,7,1,0
BRDA:127,8,0,0
BRDA:127,8,1,0
BRDA:130,9,0,0
BRDA:130,9,1,0
BRDA:138,10,0,2
BRDA:138,10,1,0
BRDA:138,11,0,2
BRDA:138,11,1,2
BRDA:138,12,0,2
BRDA:138,12,1,2
BRF:26
BRH:15
end_of_record
TN:
SF:src\services\authService.js
FN:13,login
FNF:1
FNH:0
FNDA:0,login
DA:3,6
DA:4,6
DA:5,6
DA:6,6
DA:11,6
DA:14,0
DA:17,0
DA:22,0
DA:23,0
DA:26,0
DA:27,0
DA:28,0
DA:31,0
DA:32,0
DA:33,0
DA:36,0
DA:38,0
DA:40,0
DA:41,0
DA:44,6
LF:20
LH:6
BRDA:19,0,0,0
BRDA:19,0,1,0
BRDA:22,1,0,0
BRDA:22,1,1,0
BRDA:26,2,0,0
BRDA:26,2,1,0
BRDA:26,3,0,0
BRDA:26,3,1,0
BRDA:31,4,0,0
BRDA:31,4,1,0
BRF:10
BRH:0
end_of_record
TN:
SF:src\services\usersService.js
FN:9,createUser
FNF:1
FNH:0
FNDA:0,createUser
DA:3,4
DA:4,4
DA:5,4
DA:7,4
DA:10,0
DA:11,0
DA:12,0
DA:14,0
DA:15,0
DA:19,4
LF:10
LH:5
BRDA:14,0,0,0
BRDA:14,0,1,0
BRF:2
BRH:0
end_of_record
TN:
SF:src\utils\dayStatus.js
FN:8,parseTimeToHours
FN:24,computeDayStatus
FN:42,(anonymous_2)
FNF:3
FNH:3
FNDA:14,parseTimeToHours
FNDA:197,computeDayStatus
FNDA:7,(anonymous_2)
DA:9,14
DA:10,14
DA:11,14
DA:12,14
DA:13,14
DA:26,197
DA:27,197
DA:28,62
DA:32,135
DA:33,128
DA:37,7
DA:38,1
DA:42,6
DA:43,7
DA:44,7
DA:45,7
DA:49,6
DA:50,3
DA:53,3
DA:56,6
LF:20
LH:20
BRDA:10,0,0,14
BRDA:10,0,1,0
BRDA:11,1,0,14
BRDA:11,1,1,13
BRDA:12,2,0,14
BRDA:12,2,1,14
BRDA:27,3,0,62
BRDA:27,3,1,135
BRDA:27,4,0,197
BRDA:27,4,1,166
BRDA:32,5,0,128
BRDA:32,5,1,7
BRDA:32,6,0,135
BRDA:32,6,1,135
BRDA:32,6,2,129
BRDA:37,7,0,1
BRDA:37,7,1,6
BRDA:49,8,0,3
BRDA:49,8,1,3
BRF:19
BRH:18
end_of_record
TN:
SF:src\utils\errors.js
FN:4,(anonymous_0)
FN:12,(anonymous_1)
FN:19,(anonymous_2)
FN:25,(anonymous_3)
FN:31,(anonymous_4)
FN:37,(anonymous_5)
FN:43,(anonymous_6)
FNF:7
FNH:3
FNDA:10,(anonymous_0)
FNDA:0,(anonymous_1)
FNDA:0,(anonymous_2)
FNDA:5,(anonymous_3)
FNDA:5,(anonymous_4)
FNDA:0,(anonymous_5)
FNDA:0,(anonymous_6)
DA:5,10
DA:6,10
DA:7,10
DA:13,0
DA:14,0
DA:20,0
DA:26,5
DA:32,5
DA:38,0
DA:44,0
DA:45,0
DA:49,7
LF:12
LH:6
BRDA:19,0,0,0
BRDA:25,1,0,5
BRDA:31,2,0,5
BRF:3
BRH:2
end_of_record
TN:
SF:src\utils\jwt.js
FN:9,signToken
FN:15,verifyToken
FNF:2
FNH:1
FNDA:0,signToken
FNDA:2,verifyToken
DA:3,7
DA:5,7
DA:6,0
DA:10,0
DA:16,2
DA:19,7
LF:6
LH:4
BRDA:5,0,0,0
BRDA:5,0,1,7
BRDA:11,1,0,0
BRDA:11,1,1,0
BRF:4
BRH:1
end_of_record
TN:
SF:src\utils\validate.js
FN:6,validateCreateUser
FN:44,validateLogin
FNF:2
FNH:0
FNDA:0,validateCreateUser
FNDA:0,validateLogin
DA:3,5
DA:4,5
DA:7,0
DA:9,0
DA:10,0
DA:11,0
DA:12,0
DA:15,0
DA:16,0
DA:17,0
DA:18,0
DA:21,0
DA:22,0
DA:24,0
DA:25,0
DA:26,0
DA:27,0
DA:28,0
DA:29,0
DA:30,0
DA:31,0
DA:35,0
DA:36,0
DA:37,0
DA:38,0
DA:41,0
DA:45,0
DA:47,0
DA:48,0
DA:49,0
DA:50,0
DA:53,0
DA:54,0
DA:57,0
DA:60,5
LF:35
LH:3
BRDA:6,0,0,0
BRDA:9,1,0,0
BRDA:9,1,1,0
BRDA:9,2,0,0
BRDA:9,2,1,0
BRDA:9,2,2,0
BRDA:11,3,0,0
BRDA:11,3,1,0
BRDA:15,4,0,0
BRDA:15,4,1,0
BRDA:15,5,0,0
BRDA:15,5,1,0
BRDA:15,5,2,0
BRDA:17,6,0,0
BRDA:17,6,1,0
BRDA:21,7,0,0
BRDA:21,7,1,0
BRDA:21,8,0,0
BRDA:21,8,1,0
BRDA:21,8,2,0
BRDA:25,9,0,0
BRDA:25,9,1,0
BRDA:26,10,0,0
BRDA:26,10,1,0
BRDA:27,11,0,0
BRDA:27,11,1,0
BRDA:28,12,0,0
BRDA:28,12,1,0
BRDA:29,13,0,0
BRDA:29,13,1,0
BRDA:30,14,0,0
BRDA:30,14,1,0
BRDA:35,15,0,0
BRDA:35,15,1,0
BRDA:35,16,0,0
BRDA:35,16,1,0
BRDA:37,17,0,0
BRDA:37,17,1,0
BRDA:44,18,0,0
BRDA:47,19,0,0
BRDA:47,19,1,0
BRDA:47,20,0,0
BRDA:47,20,1,0
BRDA:47,20,2,0
BRDA:49,21,0,0
BRDA:49,21,1,0
BRDA:53,22,0,0
BRDA:53,22,1,0
BRDA:53,23,0,0
BRDA:53,23,1,0
BRDA:53,23,2,0
BRF:51
BRH:0
end_of_record
